  Hooke-Jeeves-method.cpp
D:\for_matvey\Hooke-Jeeves-method\Hooke-Jeeves-method\Hooke-Jeeves-method.cpp(66,18): warning C4566: символ, представленный универсальным именем символа "\u041C", невозможно представить в текущей кодовой странице (1252)
D:\for_matvey\Hooke-Jeeves-method\Hooke-Jeeves-method\Hooke-Jeeves-method.cpp(66,18): warning C4566: символ, представленный универсальным именем символа "\u0438", невозможно представить в текущей кодовой странице (1252)
D:\for_matvey\Hooke-Jeeves-method\Hooke-Jeeves-method\Hooke-Jeeves-method.cpp(66,18): warning C4566: символ, представленный универсальным именем символа "\u043D", невозможно представить в текущей кодовой странице (1252)
D:\for_matvey\Hooke-Jeeves-method\Hooke-Jeeves-method\Hooke-Jeeves-method.cpp(66,18): warning C4566: символ, представленный универсальным именем символа "\u043C", невозможно представить в текущей кодовой странице (1252)
D:\for_matvey\Hooke-Jeeves-method\Hooke-Jeeves-method\Hooke-Jeeves-method.cpp(66,18): warning C4566: символ, представленный универсальным именем символа "\u0443", невозможно представить в текущей кодовой странице (1252)
D:\for_matvey\Hooke-Jeeves-method\Hooke-Jeeves-method\Hooke-Jeeves-method.cpp(66,18): warning C4566: символ, представленный универсальным именем символа "\u0430", невозможно представить в текущей кодовой странице (1252)
D:\for_matvey\Hooke-Jeeves-method\Hooke-Jeeves-method\Hooke-Jeeves-method.cpp(66,18): warning C4566: символ, представленный универсальным именем символа "\u0439", невозможно представить в текущей кодовой странице (1252)
D:\for_matvey\Hooke-Jeeves-method\Hooke-Jeeves-method\Hooke-Jeeves-method.cpp(66,18): warning C4566: символ, представленный универсальным именем символа "\u0434", невозможно представить в текущей кодовой странице (1252)
D:\for_matvey\Hooke-Jeeves-method\Hooke-Jeeves-method\Hooke-Jeeves-method.cpp(66,18): warning C4566: символ, представленный универсальным именем символа "\u0435", невозможно представить в текущей кодовой странице (1252)
D:\for_matvey\Hooke-Jeeves-method\Hooke-Jeeves-method\Hooke-Jeeves-method.cpp(66,18): warning C4566: символ, представленный универсальным именем символа "\u0432", невозможно представить в текущей кодовой странице (1252)
D:\for_matvey\Hooke-Jeeves-method\Hooke-Jeeves-method\Hooke-Jeeves-method.cpp(66,18): warning C4566: символ, представленный универсальным именем символа "\u0442", невозможно представить в текущей кодовой странице (1252)
D:\for_matvey\Hooke-Jeeves-method\Hooke-Jeeves-method\Hooke-Jeeves-method.cpp(66,18): warning C4566: символ, представленный универсальным именем символа "\u043E", невозможно представить в текущей кодовой странице (1252)
D:\for_matvey\Hooke-Jeeves-method\Hooke-Jeeves-method\Hooke-Jeeves-method.cpp(66,18): warning C4566: символ, представленный универсальным именем символа "\u0447", невозможно представить в текущей кодовой странице (1252)
D:\for_matvey\Hooke-Jeeves-method\Hooke-Jeeves-method\Hooke-Jeeves-method.cpp(66,18): warning C4566: символ, представленный универсальным именем символа "\u043A", невозможно представить в текущей кодовой странице (1252)
D:\for_matvey\Hooke-Jeeves-method\Hooke-Jeeves-method\Hooke-Jeeves-method.cpp(67,18): warning C4566: символ, представленный универсальным именем символа "\u0417", невозможно представить в текущей кодовой странице (1252)
D:\for_matvey\Hooke-Jeeves-method\Hooke-Jeeves-method\Hooke-Jeeves-method.cpp(67,18): warning C4566: символ, представленный универсальным именем символа "\u043D", невозможно представить в текущей кодовой странице (1252)
D:\for_matvey\Hooke-Jeeves-method\Hooke-Jeeves-method\Hooke-Jeeves-method.cpp(67,18): warning C4566: символ, представленный универсальным именем символа "\u0430", невозможно представить в текущей кодовой странице (1252)
D:\for_matvey\Hooke-Jeeves-method\Hooke-Jeeves-method\Hooke-Jeeves-method.cpp(67,18): warning C4566: символ, представленный универсальным именем символа "\u0447", невозможно представить в текущей кодовой странице (1252)
D:\for_matvey\Hooke-Jeeves-method\Hooke-Jeeves-method\Hooke-Jeeves-method.cpp(67,18): warning C4566: символ, представленный универсальным именем символа "\u0435", невозможно представить в текущей кодовой странице (1252)
D:\for_matvey\Hooke-Jeeves-method\Hooke-Jeeves-method\Hooke-Jeeves-method.cpp(67,18): warning C4566: символ, представленный универсальным именем символа "\u0438", невозможно представить в текущей кодовой странице (1252)
D:\for_matvey\Hooke-Jeeves-method\Hooke-Jeeves-method\Hooke-Jeeves-method.cpp(67,18): warning C4566: символ, представленный универсальным именем символа "\u0444", невозможно представить в текущей кодовой странице (1252)
D:\for_matvey\Hooke-Jeeves-method\Hooke-Jeeves-method\Hooke-Jeeves-method.cpp(67,18): warning C4566: символ, представленный универсальным именем символа "\u0443", невозможно представить в текущей кодовой странице (1252)
D:\for_matvey\Hooke-Jeeves-method\Hooke-Jeeves-method\Hooke-Jeeves-method.cpp(67,18): warning C4566: символ, представленный универсальным именем символа "\u043A", невозможно представить в текущей кодовой странице (1252)
D:\for_matvey\Hooke-Jeeves-method\Hooke-Jeeves-method\Hooke-Jeeves-method.cpp(67,18): warning C4566: символ, представленный универсальным именем символа "\u0446", невозможно представить в текущей кодовой странице (1252)
D:\for_matvey\Hooke-Jeeves-method\Hooke-Jeeves-method\Hooke-Jeeves-method.cpp(67,18): warning C4566: символ, представленный универсальным именем символа "\u0432", невозможно представить в текущей кодовой странице (1252)
D:\for_matvey\Hooke-Jeeves-method\Hooke-Jeeves-method\Hooke-Jeeves-method.cpp(67,18): warning C4566: символ, представленный универсальным именем символа "\u043C", невозможно представить в текущей кодовой странице (1252)
D:\for_matvey\Hooke-Jeeves-method\Hooke-Jeeves-method\Hooke-Jeeves-method.cpp(76,18): warning C4566: символ, представленный универсальным именем символа "\u041C", невозможно представить в текущей кодовой странице (1252)
D:\for_matvey\Hooke-Jeeves-method\Hooke-Jeeves-method\Hooke-Jeeves-method.cpp(76,18): warning C4566: символ, представленный универсальным именем символа "\u0438", невозможно представить в текущей кодовой странице (1252)
D:\for_matvey\Hooke-Jeeves-method\Hooke-Jeeves-method\Hooke-Jeeves-method.cpp(76,18): warning C4566: символ, представленный универсальным именем символа "\u043D", невозможно представить в текущей кодовой странице (1252)
D:\for_matvey\Hooke-Jeeves-method\Hooke-Jeeves-method\Hooke-Jeeves-method.cpp(76,18): warning C4566: символ, представленный универсальным именем символа "\u043C", невозможно представить в текущей кодовой странице (1252)
D:\for_matvey\Hooke-Jeeves-method\Hooke-Jeeves-method\Hooke-Jeeves-method.cpp(76,18): warning C4566: символ, представленный универсальным именем символа "\u0443", невозможно представить в текущей кодовой странице (1252)
D:\for_matvey\Hooke-Jeeves-method\Hooke-Jeeves-method\Hooke-Jeeves-method.cpp(76,18): warning C4566: символ, представленный универсальным именем символа "\u0430", невозможно представить в текущей кодовой странице (1252)
D:\for_matvey\Hooke-Jeeves-method\Hooke-Jeeves-method\Hooke-Jeeves-method.cpp(76,18): warning C4566: символ, представленный универсальным именем символа "\u0439", невозможно представить в текущей кодовой странице (1252)
D:\for_matvey\Hooke-Jeeves-method\Hooke-Jeeves-method\Hooke-Jeeves-method.cpp(76,18): warning C4566: символ, представленный универсальным именем символа "\u0434", невозможно представить в текущей кодовой странице (1252)
D:\for_matvey\Hooke-Jeeves-method\Hooke-Jeeves-method\Hooke-Jeeves-method.cpp(76,18): warning C4566: символ, представленный универсальным именем символа "\u0435", невозможно представить в текущей кодовой странице (1252)
D:\for_matvey\Hooke-Jeeves-method\Hooke-Jeeves-method\Hooke-Jeeves-method.cpp(76,18): warning C4566: символ, представленный универсальным именем символа "\u0432", невозможно представить в текущей кодовой странице (1252)
D:\for_matvey\Hooke-Jeeves-method\Hooke-Jeeves-method\Hooke-Jeeves-method.cpp(76,18): warning C4566: символ, представленный универсальным именем символа "\u0442", невозможно представить в текущей кодовой странице (1252)
D:\for_matvey\Hooke-Jeeves-method\Hooke-Jeeves-method\Hooke-Jeeves-method.cpp(76,18): warning C4566: символ, представленный универсальным именем символа "\u043E", невозможно представить в текущей кодовой странице (1252)
D:\for_matvey\Hooke-Jeeves-method\Hooke-Jeeves-method\Hooke-Jeeves-method.cpp(76,18): warning C4566: символ, представленный универсальным именем символа "\u0447", невозможно представить в текущей кодовой странице (1252)
D:\for_matvey\Hooke-Jeeves-method\Hooke-Jeeves-method\Hooke-Jeeves-method.cpp(76,18): warning C4566: символ, представленный универсальным именем символа "\u043A", невозможно представить в текущей кодовой странице (1252)
D:\for_matvey\Hooke-Jeeves-method\Hooke-Jeeves-method\Hooke-Jeeves-method.cpp(77,18): warning C4566: символ, представленный универсальным именем символа "\u0417", невозможно представить в текущей кодовой странице (1252)
D:\for_matvey\Hooke-Jeeves-method\Hooke-Jeeves-method\Hooke-Jeeves-method.cpp(77,18): warning C4566: символ, представленный универсальным именем символа "\u043D", невозможно представить в текущей кодовой странице (1252)
D:\for_matvey\Hooke-Jeeves-method\Hooke-Jeeves-method\Hooke-Jeeves-method.cpp(77,18): warning C4566: символ, представленный универсальным именем символа "\u0430", невозможно представить в текущей кодовой странице (1252)
D:\for_matvey\Hooke-Jeeves-method\Hooke-Jeeves-method\Hooke-Jeeves-method.cpp(77,18): warning C4566: символ, представленный универсальным именем символа "\u0447", невозможно представить в текущей кодовой странице (1252)
D:\for_matvey\Hooke-Jeeves-method\Hooke-Jeeves-method\Hooke-Jeeves-method.cpp(77,18): warning C4566: символ, представленный универсальным именем символа "\u0435", невозможно представить в текущей кодовой странице (1252)
D:\for_matvey\Hooke-Jeeves-method\Hooke-Jeeves-method\Hooke-Jeeves-method.cpp(77,18): warning C4566: символ, представленный универсальным именем символа "\u0438", невозможно представить в текущей кодовой странице (1252)
D:\for_matvey\Hooke-Jeeves-method\Hooke-Jeeves-method\Hooke-Jeeves-method.cpp(77,18): warning C4566: символ, представленный универсальным именем символа "\u0444", невозможно представить в текущей кодовой странице (1252)
D:\for_matvey\Hooke-Jeeves-method\Hooke-Jeeves-method\Hooke-Jeeves-method.cpp(77,18): warning C4566: символ, представленный универсальным именем символа "\u0443", невозможно представить в текущей кодовой странице (1252)
D:\for_matvey\Hooke-Jeeves-method\Hooke-Jeeves-method\Hooke-Jeeves-method.cpp(77,18): warning C4566: символ, представленный универсальным именем символа "\u043A", невозможно представить в текущей кодовой странице (1252)
D:\for_matvey\Hooke-Jeeves-method\Hooke-Jeeves-method\Hooke-Jeeves-method.cpp(77,18): warning C4566: символ, представленный универсальным именем символа "\u0446", невозможно представить в текущей кодовой странице (1252)
D:\for_matvey\Hooke-Jeeves-method\Hooke-Jeeves-method\Hooke-Jeeves-method.cpp(77,18): warning C4566: символ, представленный универсальным именем символа "\u0432", невозможно представить в текущей кодовой странице (1252)
D:\for_matvey\Hooke-Jeeves-method\Hooke-Jeeves-method\Hooke-Jeeves-method.cpp(77,18): warning C4566: символ, представленный универсальным именем символа "\u043C", невозможно представить в текущей кодовой странице (1252)
  Hooke-Jeeves-method.vcxproj -> D:\for_matvey\Hooke-Jeeves-method\x64\Debug\Hooke-Jeeves-method.exe
